<?xml version="1.0" encoding="UTF-8"?>
<testsuite name="CalculatorTest" tests="1" skipped="0" failures="0" errors="0" timestamp="2020-09-27T12:13:07" hostname="yangsiyeong-ui-MacBookPro.local" time="0.001">
  <properties/>
  <testcase name="testAdd" classname="CalculatorTest" time="0.001"/>
  <system-out><![CDATA[]]></system-out>
  <system-err><![CDATA[]]></system-err>
</testsuite>
